<?xml version="1.0" encoding="UTF-8" ?>
<testsuite tests="1" failures="0" name="automation.stepdefinitions.RunCucumberTest" time="51.182" errors="1" skipped="0">
  <properties>
[...]
</properties>
  <testcase classname="EXYM-568 As a Clinician," name="Sort column by Service date" time="51.182">
    <error message="Unparseable date: &quot;&quot;" type="java.text.ParseException">java.text.ParseException: Unparseable date: &quot;&quot;
	at java.base/java.text.DateFormat.parse(DateFormat.java:399)
	at automation.stepdefinitions.StepsDefinitionCode.recent_service_date(StepsDefinitionCode.java:131)
	at ✽.I should see the services sorted by the most recent service date(file:///C:/Users/luckx/OneDrive/Documents/workspace-spring-tool-suite-4-4.13.1.RELEASE/exym568/src/test/resources/automation/features/gherkin.feature:17)
</error>
    <system-out>
Scenario: Sort column by Service date                                                                  &amp;#27;[90m# src/test/resources/automation/features/gherkin.feature:13&amp;#27;[0m
Running setUp ...
  &amp;#27;[32mGiven &amp;#27;[0m&amp;#27;[32mI am a clinician user&amp;#27;[0m                                                                          &amp;#27;[90m# automation.stepdefinitions.StepsDefinitionCode.i_am_a_clinician_user()&amp;#27;[0m
  &amp;#27;[32mWhen &amp;#27;[0m&amp;#27;[32mI go to the main page Exym vNext portal&amp;#27;[0m                                                         &amp;#27;[90m# automation.stepdefinitions.StepsDefinitionCode.i_go_to_the_main_page_Exym_vNext_portal()&amp;#27;[0m
  &amp;#27;[32mAnd &amp;#27;[0m&amp;#27;[32mI click in the sort arrow located to the right of the ‘LAST SERVICE’ text in the ‘Client’s table&amp;#27;[0m &amp;#27;[90m# automation.stepdefinitions.StepsDefinitionCode.sort_last_service()&amp;#27;[0m
  &amp;#27;[31mThen &amp;#27;[0m&amp;#27;[31mI should see the services sorted by the most recent service date&amp;#27;[0m                                &amp;#27;[90m# automation.stepdefinitions.StepsDefinitionCode.recent_service_date()&amp;#27;[0m
      &amp;#27;[31mjava.text.ParseException: Unparseable date: &quot;&quot;
	at java.base/java.text.DateFormat.parse(DateFormat.java:399)
	at automation.stepdefinitions.StepsDefinitionCode.recent_service_date(StepsDefinitionCode.java:131)
	at ?.I should see the services sorted by the most recent service date(file:///C:/Users/luckx/OneDrive/Documents/workspace-spring-tool-suite-4-4.13.1.RELEASE/exym568/src/test/resources/automation/features/gherkin.feature:17)
&amp;#27;[0m
  &amp;#27;[36mAnd &amp;#27;[0m&amp;#27;[36mI click in the sort arrow located to the right of the ‘SCHEDULED’ text in the ‘My Notes’ table&amp;#27;[0m   &amp;#27;[90m# automation.stepdefinitions.StepsDefinitionCode.sort_my_notes()&amp;#27;[0m
  &amp;#27;[36mAnd &amp;#27;[0m&amp;#27;[36mI should see the services sorted by the most recent service date&amp;#27;[0m                                 &amp;#27;[90m# automation.stepdefinitions.StepsDefinitionCode.recent_service_date()&amp;#27;[0m
  &amp;#27;[36mAnd &amp;#27;[0m&amp;#27;[36mI should see the notes sorted by scheduled date&amp;#27;[0m                                                  &amp;#27;[90m# automation.stepdefinitions.StepsDefinitionCode.sorted_notes()&amp;#27;[0m
Running tearDown ...
</system-out>
    <system-err>Starting ChromeDriver 100.0.4896.60 (6a5d10861ce8de5fce22564658033b43cb7de047-refs/branch-heads/4896@{#875}) on port 22749
Only local connections are allowed.
Please see https://chromedriver.chromium.org/security-considerations for suggestions on keeping ChromeDriver safe.
ChromeDriver was started successfully.
</system-err>
  </testcase>
</testsuite>